2021-07-15 13:57:48,253 — DfOverview — DEBUG — Testing custom logger
2021-07-15 13:57:48,261 — DfCleaner — DEBUG — Testing custom logger
2021-07-15 13:57:48,279 — DfSelector — DEBUG — Testing custom logger
2021-07-15 14:00:00,442 — DfOverview — DEBUG — Loaded successfull!
2021-07-15 14:00:00,455 — DfCleaner — DEBUG — Loaded successfull!
2021-07-15 14:01:10,810 — DfOverview — DEBUG — Loaded successfully!
2021-07-15 14:01:10,822 — DfCleaner — DEBUG — Loaded successfully!
2021-07-15 14:04:59,363 — DfOutlier — DEBUG — Loaded successfully!
2021-07-15 14:05:23,719 — DfOverview — DEBUG — Loaded successfully!
2021-07-15 14:05:23,736 — DfCleaner — DEBUG — Loaded successfully!
2021-07-15 14:05:23,758 — DfSelector — DEBUG — Loaded successfully!
2021-07-15 14:05:47,207 — DfSelector — DEBUG — Loaded successfully!
2021-07-15 14:13:05,518 — DfSelector — DEBUG — Loaded successfully!
2021-07-15 14:14:10,988 — DfSelector — DEBUG — Loaded successfully!
2021-07-15 15:10:19,796 — DfSelector — DEBUG — Loaded successfully!
2021-07-15 16:15:47,078 — DfOutlier — DEBUG — Loaded successfully!
2021-07-15 16:18:01,186 — DfSelector — DEBUG — Loaded successfully!
2021-07-15 16:18:01,190 — DfOutlier — DEBUG — Loaded successfully!
2021-07-15 16:48:01,165 — DfSelector — DEBUG — Loaded successfully!
2021-07-15 16:48:01,170 — DfOutlier — DEBUG — Loaded successfully!
